INFO [2024-12-14 12:46:48] [[1]]
INFO [2024-12-14 12:46:48] v.list
INFO [2024-12-14 12:46:48] 
INFO [2024-12-14 12:46:48] $filename
INFO [2024-12-14 12:46:48] NULL
INFO [2024-12-14 12:46:48] 
INFO [2024-12-14 12:46:48] $cat.cex
INFO [2024-12-14 12:46:48] [1] 1.5
INFO [2024-12-14 12:46:48] 
INFO [2024-12-14 12:46:48] $cex
INFO [2024-12-14 12:46:48] [1] 1.5
INFO [2024-12-14 12:46:48] 
INFO [2024-12-14 12:46:48] $hyper.test
INFO [2024-12-14 12:46:48] T
INFO [2024-12-14 12:46:48] 
INFO [2024-12-14 12:46:48] $total.population
INFO [2024-12-14 12:46:48] n.sample
INFO [2024-12-14 12:46:48] 
INFO [2024-12-14 12:46:48] $lower.tail
INFO [2024-12-14 12:46:48] F
INFO [2024-12-14 12:46:48] 
INFO [2024-12-14 12:46:48] $sub.pos
INFO [2024-12-14 12:46:48] c(0.5, 0.25)
INFO [2024-12-14 12:46:48] 
INFO [2024-12-14 12:46:48] $sub.cex
INFO [2024-12-14 12:46:48] [1] 1.5
INFO [2024-12-14 12:46:48] 
INFO [2024-12-14 12:46:48] $col
INFO [2024-12-14 12:46:48] if (is.null(col.venn)) "black" else col.venn
INFO [2024-12-14 12:46:48] 
INFO [2024-12-14 12:46:48] $fill
INFO [2024-12-14 12:46:48] col.venn
INFO [2024-12-14 12:46:48] 
INFO [2024-12-14 12:46:48] $alpha
INFO [2024-12-14 12:46:48] venn.alpha[seq_len(length(v.list))]
INFO [2024-12-14 12:46:48] 
INFO [2024-12-14 12:46:48] $margin
INFO [2024-12-14 12:46:48] [1] 0.2
INFO [2024-12-14 12:46:48] 
INFO [2024-12-14 12:46:48] $cat.dist
INFO [2024-12-14 12:46:48] [1] 0.15
INFO [2024-12-14 12:46:48] 
INFO [2024-12-14 12:46:48] $na
INFO [2024-12-14 12:46:48] [1] "remove"
INFO [2024-12-14 12:46:48] 
