INFO [2024-12-14 12:53:08] [[1]]
INFO [2024-12-14 12:53:08] v.list
INFO [2024-12-14 12:53:08] 
INFO [2024-12-14 12:53:08] $filename
INFO [2024-12-14 12:53:08] NULL
INFO [2024-12-14 12:53:08] 
INFO [2024-12-14 12:53:08] $cat.cex
INFO [2024-12-14 12:53:08] [1] 1.5
INFO [2024-12-14 12:53:08] 
INFO [2024-12-14 12:53:08] $cex
INFO [2024-12-14 12:53:08] [1] 1.5
INFO [2024-12-14 12:53:08] 
INFO [2024-12-14 12:53:08] $hyper.test
INFO [2024-12-14 12:53:08] T
INFO [2024-12-14 12:53:08] 
INFO [2024-12-14 12:53:08] $total.population
INFO [2024-12-14 12:53:08] n.sample
INFO [2024-12-14 12:53:08] 
INFO [2024-12-14 12:53:08] $lower.tail
INFO [2024-12-14 12:53:08] F
INFO [2024-12-14 12:53:08] 
INFO [2024-12-14 12:53:08] $sub.pos
INFO [2024-12-14 12:53:08] c(0.5, 0.25)
INFO [2024-12-14 12:53:08] 
INFO [2024-12-14 12:53:08] $sub.cex
INFO [2024-12-14 12:53:08] [1] 1.5
INFO [2024-12-14 12:53:08] 
INFO [2024-12-14 12:53:08] $col
INFO [2024-12-14 12:53:08] if (is.null(col.venn)) "black" else col.venn
INFO [2024-12-14 12:53:08] 
INFO [2024-12-14 12:53:08] $fill
INFO [2024-12-14 12:53:08] col.venn
INFO [2024-12-14 12:53:08] 
INFO [2024-12-14 12:53:08] $alpha
INFO [2024-12-14 12:53:08] venn.alpha[seq_len(length(v.list))]
INFO [2024-12-14 12:53:08] 
INFO [2024-12-14 12:53:08] $margin
INFO [2024-12-14 12:53:08] [1] 0.2
INFO [2024-12-14 12:53:08] 
INFO [2024-12-14 12:53:08] $cat.dist
INFO [2024-12-14 12:53:08] [1] 0.15
INFO [2024-12-14 12:53:08] 
INFO [2024-12-14 12:53:08] $na
INFO [2024-12-14 12:53:08] [1] "remove"
INFO [2024-12-14 12:53:08] 
