INFO [2024-12-14 12:48:07] [[1]]
INFO [2024-12-14 12:48:07] v.list
INFO [2024-12-14 12:48:07] 
INFO [2024-12-14 12:48:07] $filename
INFO [2024-12-14 12:48:07] NULL
INFO [2024-12-14 12:48:07] 
INFO [2024-12-14 12:48:07] $cat.cex
INFO [2024-12-14 12:48:07] [1] 1.5
INFO [2024-12-14 12:48:07] 
INFO [2024-12-14 12:48:07] $cex
INFO [2024-12-14 12:48:07] [1] 1.5
INFO [2024-12-14 12:48:07] 
INFO [2024-12-14 12:48:07] $hyper.test
INFO [2024-12-14 12:48:07] T
INFO [2024-12-14 12:48:07] 
INFO [2024-12-14 12:48:07] $total.population
INFO [2024-12-14 12:48:07] n.sample
INFO [2024-12-14 12:48:07] 
INFO [2024-12-14 12:48:07] $lower.tail
INFO [2024-12-14 12:48:07] F
INFO [2024-12-14 12:48:07] 
INFO [2024-12-14 12:48:07] $sub.pos
INFO [2024-12-14 12:48:07] c(0.5, 0.25)
INFO [2024-12-14 12:48:07] 
INFO [2024-12-14 12:48:07] $sub.cex
INFO [2024-12-14 12:48:07] [1] 1.5
INFO [2024-12-14 12:48:07] 
INFO [2024-12-14 12:48:07] $col
INFO [2024-12-14 12:48:07] if (is.null(col.venn)) "black" else col.venn
INFO [2024-12-14 12:48:07] 
INFO [2024-12-14 12:48:07] $fill
INFO [2024-12-14 12:48:07] col.venn
INFO [2024-12-14 12:48:07] 
INFO [2024-12-14 12:48:07] $alpha
INFO [2024-12-14 12:48:07] venn.alpha[seq_len(length(v.list))]
INFO [2024-12-14 12:48:07] 
INFO [2024-12-14 12:48:07] $margin
INFO [2024-12-14 12:48:07] [1] 0.2
INFO [2024-12-14 12:48:07] 
INFO [2024-12-14 12:48:07] $cat.dist
INFO [2024-12-14 12:48:07] [1] 0.15
INFO [2024-12-14 12:48:07] 
INFO [2024-12-14 12:48:07] $na
INFO [2024-12-14 12:48:07] [1] "remove"
INFO [2024-12-14 12:48:07] 
