INFO [2024-12-14 12:46:50] [[1]]
INFO [2024-12-14 12:46:50] v.list
INFO [2024-12-14 12:46:50] 
INFO [2024-12-14 12:46:50] $filename
INFO [2024-12-14 12:46:50] NULL
INFO [2024-12-14 12:46:50] 
INFO [2024-12-14 12:46:50] $cat.cex
INFO [2024-12-14 12:46:50] [1] 1.5
INFO [2024-12-14 12:46:50] 
INFO [2024-12-14 12:46:50] $cex
INFO [2024-12-14 12:46:50] [1] 1.5
INFO [2024-12-14 12:46:50] 
INFO [2024-12-14 12:46:50] $hyper.test
INFO [2024-12-14 12:46:50] T
INFO [2024-12-14 12:46:50] 
INFO [2024-12-14 12:46:50] $total.population
INFO [2024-12-14 12:46:50] n.sample
INFO [2024-12-14 12:46:50] 
INFO [2024-12-14 12:46:50] $lower.tail
INFO [2024-12-14 12:46:50] F
INFO [2024-12-14 12:46:50] 
INFO [2024-12-14 12:46:50] $sub.pos
INFO [2024-12-14 12:46:50] c(0.5, 0.25)
INFO [2024-12-14 12:46:50] 
INFO [2024-12-14 12:46:50] $sub.cex
INFO [2024-12-14 12:46:50] [1] 1.5
INFO [2024-12-14 12:46:50] 
INFO [2024-12-14 12:46:50] $col
INFO [2024-12-14 12:46:50] if (is.null(col.venn)) "black" else col.venn
INFO [2024-12-14 12:46:50] 
INFO [2024-12-14 12:46:50] $fill
INFO [2024-12-14 12:46:50] col.venn
INFO [2024-12-14 12:46:50] 
INFO [2024-12-14 12:46:50] $alpha
INFO [2024-12-14 12:46:50] venn.alpha[seq_len(length(v.list))]
INFO [2024-12-14 12:46:50] 
INFO [2024-12-14 12:46:50] $margin
INFO [2024-12-14 12:46:50] [1] 0.2
INFO [2024-12-14 12:46:50] 
INFO [2024-12-14 12:46:50] $cat.dist
INFO [2024-12-14 12:46:50] [1] 0.15
INFO [2024-12-14 12:46:50] 
INFO [2024-12-14 12:46:50] $na
INFO [2024-12-14 12:46:50] [1] "remove"
INFO [2024-12-14 12:46:50] 
