INFO [2024-12-14 12:50:05] [[1]]
INFO [2024-12-14 12:50:05] v.list
INFO [2024-12-14 12:50:05] 
INFO [2024-12-14 12:50:05] $filename
INFO [2024-12-14 12:50:05] NULL
INFO [2024-12-14 12:50:05] 
INFO [2024-12-14 12:50:05] $cat.cex
INFO [2024-12-14 12:50:05] [1] 1.5
INFO [2024-12-14 12:50:05] 
INFO [2024-12-14 12:50:05] $cex
INFO [2024-12-14 12:50:05] [1] 1.5
INFO [2024-12-14 12:50:05] 
INFO [2024-12-14 12:50:05] $hyper.test
INFO [2024-12-14 12:50:05] T
INFO [2024-12-14 12:50:05] 
INFO [2024-12-14 12:50:05] $total.population
INFO [2024-12-14 12:50:05] n.sample
INFO [2024-12-14 12:50:05] 
INFO [2024-12-14 12:50:05] $lower.tail
INFO [2024-12-14 12:50:05] F
INFO [2024-12-14 12:50:05] 
INFO [2024-12-14 12:50:05] $sub.pos
INFO [2024-12-14 12:50:05] c(0.5, 0.25)
INFO [2024-12-14 12:50:05] 
INFO [2024-12-14 12:50:05] $sub.cex
INFO [2024-12-14 12:50:05] [1] 1.5
INFO [2024-12-14 12:50:05] 
INFO [2024-12-14 12:50:05] $col
INFO [2024-12-14 12:50:05] if (is.null(col.venn)) "black" else col.venn
INFO [2024-12-14 12:50:05] 
INFO [2024-12-14 12:50:05] $fill
INFO [2024-12-14 12:50:05] col.venn
INFO [2024-12-14 12:50:05] 
INFO [2024-12-14 12:50:05] $alpha
INFO [2024-12-14 12:50:05] venn.alpha[seq_len(length(v.list))]
INFO [2024-12-14 12:50:05] 
INFO [2024-12-14 12:50:05] $margin
INFO [2024-12-14 12:50:05] [1] 0.2
INFO [2024-12-14 12:50:05] 
INFO [2024-12-14 12:50:05] $cat.dist
INFO [2024-12-14 12:50:05] [1] 0.15
INFO [2024-12-14 12:50:05] 
INFO [2024-12-14 12:50:05] $na
INFO [2024-12-14 12:50:05] [1] "remove"
INFO [2024-12-14 12:50:05] 
